<?xml version="1.0" encoding="UTF-8"?>
<testng-results ignored="0" total="1" passed="1" failed="0" skipped="0">
  <reporter-output>
  </reporter-output>
  <suite started-at="2021-05-24T16:12:41 BST" name="All Test Suite" finished-at="2021-05-24T16:13:02 BST" duration-ms="21263">
    <groups>
    </groups>
    <test started-at="2021-05-24T16:12:41 BST" name="C:/Users/nehal/IdeaProjects/Selenium2Maven" finished-at="2021-05-24T16:13:02 BST" duration-ms="21263">
      <class name="nehal.Test1">
        <test-method is-config="true" signature="setup()[pri:0, instance:nehal.Test1@37ceb1df]" started-at="2021-05-24T16:12:41 BST" name="setup" finished-at="2021-05-24T16:13:00 BST" duration-ms="19156" status="PASS">
          <reporter-output>
          </reporter-output>
        </test-method> <!-- setup -->
        <test-method signature="test1()[pri:0, instance:nehal.Test1@37ceb1df]" started-at="2021-05-24T16:13:00 BST" name="test1" finished-at="2021-05-24T16:13:02 BST" duration-ms="2037" status="PASS">
          <reporter-output>
          </reporter-output>
        </test-method> <!-- test1 -->
      </class> <!-- nehal.Test1 -->
    </test> <!-- C:/Users/nehal/IdeaProjects/Selenium2Maven -->
  </suite> <!-- All Test Suite -->
</testng-results>
